; Top Design: "PA_Design_lib:DC_IV:schematic"
; Netlisted using Hierarchy Policy: "Standard"

Options ResourceUsage=yes UseNutmegFormat=no EnableOptim=no TopDesignName="PA_Design_lib:DC_IV:schematic" DcopOutputNodeVoltages=yes DcopOutputPinCurrents=yes DcopOutputAllSweepPoints=no DcopOutputDcopType=0
; Library Name: PA_Design_lib
; Cell Name: GaAs_FET
; View Name: schematic
define GaAs_FET ( P1  P2  P3 ) 
;parameters 
model Generic_GaAsFET GaAs NFET=1 PFET=0 Idsmod=3 Vto=-2.5 Beta=0.310 Lambda=0.05 Alpha=2.0 B=3.0 Cgs=0.6e-12 Cgd=0.06e-12 Rgd=0.0 Fc=0.5 Rg=1.0 Cds=0.002e-12 Gsfwd=2 Gsrev=2 Gdfwd=2 Gdrev=2 N=1.2 Eg=1.11 Vbr=0 Taumdl=1 
"Generic_GaAsFET":FET1  P1 P2 P3 Area=10 Noise=yes 
end GaAs_FET

GaAs_FET:M1  N__2 N__1 0 
Short:IDS  N__0 N__2 Mode=0 SaveCurrent=yes 
V_Source:SRC3  N__1 0 Type="V_DC" Vdc=VGS SaveCurrent=1 
V_Source:SRC4  N__0 0 Type="V_DC" Vdc=VDS SaveCurrent=1 

VDS =4.8 V
VGS =-2.5 V
ParamSweep:Sweep1 SimInstanceName[1]="DC1" StatusLevel=2 SweepVar="VGS" SweepPlan="Sweep1_stim" 

SweepPlan: Sweep1_stim Start=-3 Stop=1 Step=0.27778 

DC:DC1 StatusLevel=2 DevOpPtLevel=0 UseFiniteDiff=no PrintOpPoint=no Restart=1 \
SweepVar="VDS" SweepPlan="DC1_stim" OutputPlan="DC1_Output" 

SweepPlan: DC1_stim Start=0 Stop=9.6 Lin=1001 

OutputPlan:DC1_Output \
      Type="Output" \
      UseNodeNestLevel=yes \
      NodeNestLevel=2 \
      UseEquationNestLevel=yes \
      EquationNestLevel=2 \
      UseSavedEquationNestLevel=yes \
      SavedEquationNestLevel=2 \
      UseDeviceCurrentNestLevel=no \
      DeviceCurrentNestLevel=0 \
      DeviceCurrentDeviceType="All" \
      DeviceCurrentSymSyntax=yes \
      UseCurrentNestLevel=yes \
      CurrentNestLevel=999 \
      UseDeviceVoltageNestLevel=no \
      DeviceVoltageNestLevel=0 \
      DeviceVoltageDeviceType="All"


;#@# autodisplay="FET_curve_tracer"
